# JRE version: OpenJDK Runtime Environment (11.0.8+10) (build 11.0.8+10-post-Ubuntu-0ubuntu120.04)
# Java VM: OpenJDK 64-Bit Server VM (11.0.8+10-post-Ubuntu-0ubuntu120.04, mixed mode, sharing, tiered, compressed oops, g1 gc, linux-amd64)
Heap:
 garbage-first heap   total 501760K, used 317124K [0x00000000e0000000, 0x0000000100000000)
  region size 1024K, 20 young (20480K), 3 survivors (3072K)
 Metaspace       used 120018K, capacity 125047K, committed 125596K, reserved 364544K
  class space    used 14899K, capacity 16722K, committed 16876K, reserved 253952K
GC Heap History (20 events):
Event: 12249,663 GC heap after
{Heap after GC invocations=212 (full 0):
 garbage-first heap   total 500736K, used 194594K [0x00000000e0000000, 0x0000000100000000)
  region size 1024K, 10 young (10240K), 10 survivors (10240K)
 Metaspace       used 120011K, capacity 125046K, committed 125596K, reserved 364544K
  class space    used 14898K, capacity 16722K, committed 16876K, reserved 253952K
}
Event: 12250,782 GC heap before
{Heap before GC invocations=213 (full 0):
 garbage-first heap   total 500736K, used 274466K [0x00000000e0000000, 0x0000000100000000)
  region size 1024K, 88 young (90112K), 10 survivors (10240K)
 Metaspace       used 120014K, capacity 125046K, committed 125596K, reserved 364544K
  class space    used 14898K, capacity 16722K, committed 16876K, reserved 253952K
}
Event: 12250,832 GC heap after
{Heap after GC invocations=214 (full 0):
 garbage-first heap   total 500736K, used 207396K [0x00000000e0000000, 0x0000000100000000)
  region size 1024K, 11 young (11264K), 11 survivors (11264K)
 Metaspace       used 120014K, capacity 125046K, committed 125596K, reserved 364544K
  class space    used 14898K, capacity 16722K, committed 16876K, reserved 253952K
}
Event: 12250,914 GC heap before
{Heap before GC invocations=214 (full 0):
 garbage-first heap   total 500736K, used 219684K [0x00000000e0000000, 0x0000000100000000)
  region size 1024K, 24 young (24576K), 11 survivors (11264K)
 Metaspace       used 120014K, capacity 125046K, committed 125596K, reserved 364544K
  class space    used 14898K, capacity 16722K, committed 16876K, reserved 253952K
}
Event: 12250,969 GC heap after
{Heap after GC invocations=215 (full 0):
 garbage-first heap   total 500736K, used 204484K [0x00000000e0000000, 0x0000000100000000)
  region size 1024K, 3 young (3072K), 3 survivors (3072K)
 Metaspace       used 120014K, capacity 125046K, committed 125596K, reserved 364544K
  class space    used 14898K, capacity 16722K, committed 16876K, reserved 253952K
}
Event: 12251,887 GC heap before
{Heap before GC invocations=215 (full 0):
 garbage-first heap   total 500736K, used 312004K [0x00000000e0000000, 0x0000000100000000)
  region size 1024K, 108 young (110592K), 3 survivors (3072K)
 Metaspace       used 120017K, capacity 125046K, committed 125596K, reserved 364544K
  class space    used 14899K, capacity 16722K, committed 16876K, reserved 253952K
}
Event: 12251,982 GC heap after
{Heap after GC invocations=216 (full 0):
 garbage-first heap   total 500736K, used 228548K [0x00000000e0000000, 0x0000000100000000)
  region size 1024K, 14 young (14336K), 14 survivors (14336K)
 Metaspace       used 120017K, capacity 125046K, committed 125596K, reserved 364544K
  class space    used 14899K, capacity 16722K, committed 16876K, reserved 253952K
}
Event: 12252,222 GC heap before
{Heap before GC invocations=216 (full 0):
 garbage-first heap   total 500736K, used 238788K [0x00000000e0000000, 0x0000000100000000)
  region size 1024K, 24 young (24576K), 14 survivors (14336K)
 Metaspace       used 120017K, capacity 125046K, committed 125596K, reserved 364544K
  class space    used 14899K, capacity 16722K, committed 16876K, reserved 253952K
}
Event: 12252,352 GC heap after
{Heap after GC invocations=217 (full 0):
 garbage-first heap   total 500736K, used 232132K [0x00000000e0000000, 0x0000000100000000)
  region size 1024K, 3 young (3072K), 3 survivors (3072K)
 Metaspace       used 120017K, capacity 125046K, committed 125596K, reserved 364544K
  class space    used 14899K, capacity 16722K, committed 16876K, reserved 253952K
}
Event: 12253,266 GC heap before
{Heap before GC invocations=217 (full 0):
 garbage-first heap   total 500736K, used 304836K [0x00000000e0000000, 0x0000000100000000)
  region size 1024K, 74 young (75776K), 3 survivors (3072K)
 Metaspace       used 120017K, capacity 125046K, committed 125596K, reserved 364544K
  class space    used 14899K, capacity 16722K, committed 16876K, reserved 253952K
}
Event: 12253,414 GC heap after
{Heap after GC invocations=218 (full 0):
 garbage-first heap   total 500736K, used 251076K [0x00000000e0000000, 0x0000000100000000)
  region size 1024K, 10 young (10240K), 10 survivors (10240K)
 Metaspace       used 120017K, capacity 125046K, committed 125596K, reserved 364544K
  class space    used 14899K, capacity 16722K, committed 16876K, reserved 253952K
}
Event: 12253,631 GC heap before
{Heap before GC invocations=218 (full 0):
 garbage-first heap   total 500736K, used 265412K [0x00000000e0000000, 0x0000000100000000)
  region size 1024K, 24 young (24576K), 10 survivors (10240K)
 Metaspace       used 120017K, capacity 125046K, committed 125596K, reserved 364544K
  class space    used 14899K, capacity 16722K, committed 16876K, reserved 253952K
}
Event: 12253,718 GC heap after
{Heap after GC invocations=219 (full 0):
 garbage-first heap   total 500736K, used 255172K [0x00000000e0000000, 0x0000000100000000)
  region size 1024K, 3 young (3072K), 3 survivors (3072K)
 Metaspace       used 120017K, capacity 125046K, committed 125596K, reserved 364544K
  class space    used 14899K, capacity 16722K, committed 16876K, reserved 253952K
}
Event: 12254,767 GC heap before
{Heap before GC invocations=219 (full 0):
 garbage-first heap   total 500736K, used 316612K [0x00000000e0000000, 0x0000000100000000)
  region size 1024K, 63 young (64512K), 3 survivors (3072K)
 Metaspace       used 120017K, capacity 125046K, committed 125596K, reserved 364544K
  class space    used 14899K, capacity 16722K, committed 16876K, reserved 253952K
}
Event: 12254,863 GC heap after
{Heap after GC invocations=220 (full 0):
 garbage-first heap   total 500736K, used 270532K [0x00000000e0000000, 0x0000000100000000)
  region size 1024K, 8 young (8192K), 8 survivors (8192K)
 Metaspace       used 120017K, capacity 125046K, committed 125596K, reserved 364544K
  class space    used 14899K, capacity 16722K, committed 16876K, reserved 253952K
}
Event: 12255,362 GC heap before
{Heap before GC invocations=220 (full 0):
 garbage-first heap   total 500736K, used 309444K [0x00000000e0000000, 0x0000000100000000)
  region size 1024K, 43 young (44032K), 8 survivors (8192K)
 Metaspace       used 120017K, capacity 125046K, committed 125596K, reserved 364544K
  class space    used 14899K, capacity 16722K, committed 16876K, reserved 253952K
}
Event: 12255,599 GC heap after
{Heap after GC invocations=221 (full 0):
 garbage-first heap   total 501760K, used 285342K [0x00000000e0000000, 0x0000000100000000)
  region size 1024K, 6 young (6144K), 6 survivors (6144K)
 Metaspace       used 120017K, capacity 125046K, committed 125596K, reserved 364544K
  class space    used 14899K, capacity 16722K, committed 16876K, reserved 253952K
}
Event: 12256,065 GC heap before
{Heap before GC invocations=222 (full 0):
 garbage-first heap   total 501760K, used 333470K [0x00000000e0000000, 0x0000000100000000)
  region size 1024K, 53 young (54272K), 6 survivors (6144K)
 Metaspace       used 120018K, capacity 125047K, committed 125596K, reserved 364544K
  class space    used 14899K, capacity 16722K, committed 16876K, reserved 253952K
}
Event: 12256,250 GC heap after
{Heap after GC invocations=223 (full 0):
 garbage-first heap   total 501760K, used 298692K [0x00000000e0000000, 0x0000000100000000)
  region size 1024K, 7 young (7168K), 7 survivors (7168K)
 Metaspace       used 120018K, capacity 125047K, committed 125596K, reserved 364544K
  class space    used 14899K, capacity 16722K, committed 16876K, reserved 253952K
}
Event: 12256,435 GC heap before
{Heap before GC invocations=223 (full 0):
 garbage-first heap   total 501760K, used 316100K [0x00000000e0000000, 0x0000000100000000)
  region size 1024K, 24 young (24576K), 7 survivors (7168K)
 Metaspace       used 120018K, capacity 125047K, committed 125596K, reserved 364544K
  class space    used 14899K, capacity 16722K, committed 16876K, reserved 253952K
}

